ARM GAS  C:\Users\BASILE~1.BER\AppData\Local\Temp\ccOQDCPk.s 			page 1


   1              		.syntax unified
   2              		.cpu cortex-m3
   3              		.fpu softvfp
   4              		.eabi_attribute 20, 1
   5              		.eabi_attribute 21, 1
   6              		.eabi_attribute 23, 3
   7              		.eabi_attribute 24, 1
   8              		.eabi_attribute 25, 1
   9              		.eabi_attribute 26, 1
  10              		.eabi_attribute 30, 1
  11              		.eabi_attribute 34, 1
  12              		.eabi_attribute 18, 4
  13              		.thumb
  14              		.syntax unified
  15              		.file	"cymetadata.c"
  16              		.text
  17              	.Ltext0:
  18              		.cfi_sections	.debug_frame
  19              		.global	cy_metadata
  20              		.global	cy_meta_flashprotect
  21              		.global	cy_meta_wonvl
  22              		.global	cy_meta_custnvl
  23              		.global	cy_meta_configecc
  24              		.section	.cyconfigecc,"a",%progbits
  25              		.align	2
  26              		.type	cy_meta_configecc, %object
  27              		.size	cy_meta_configecc, 1616
  28              	cy_meta_configecc:
  29 0000 07       		.byte	7
  30 0001 52       		.byte	82
  31 0002 00       		.byte	0
  32 0003 40       		.byte	64
  33 0004 04       		.byte	4
  34 0005 64       		.byte	100
  35 0006 00       		.byte	0
  36 0007 40       		.byte	64
  37 0008 03       		.byte	3
  38 0009 03       		.byte	3
  39 000a 01       		.byte	1
  40 000b 40       		.byte	64
  41 000c 01       		.byte	1
  42 000d 07       		.byte	7
  43 000e 01       		.byte	1
  44 000f 40       		.byte	64
  45 0010 66       		.byte	102
  46 0011 08       		.byte	8
  47 0012 01       		.byte	1
  48 0013 40       		.byte	64
  49 0014 3E       		.byte	62
  50 0015 09       		.byte	9
  51 0016 01       		.byte	1
  52 0017 40       		.byte	64
  53 0018 53       		.byte	83
  54 0019 0A       		.byte	10
  55 001a 01       		.byte	1
  56 001b 40       		.byte	64
  57 001c 56       		.byte	86
ARM GAS  C:\Users\BASILE~1.BER\AppData\Local\Temp\ccOQDCPk.s 			page 2


  58 001d 0B       		.byte	11
  59 001e 01       		.byte	1
  60 001f 40       		.byte	64
  61 0020 59       		.byte	89
  62 0021 0C       		.byte	12
  63 0022 01       		.byte	1
  64 0023 40       		.byte	64
  65 0024 46       		.byte	70
  66 0025 0D       		.byte	13
  67 0026 01       		.byte	1
  68 0027 40       		.byte	64
  69 0028 57       		.byte	87
  70 0029 0E       		.byte	14
  71 002a 01       		.byte	1
  72 002b 40       		.byte	64
  73 002c 34       		.byte	52
  74 002d 0F       		.byte	15
  75 002e 01       		.byte	1
  76 002f 40       		.byte	64
  77 0030 02       		.byte	2
  78 0031 17       		.byte	23
  79 0032 01       		.byte	1
  80 0033 40       		.byte	64
  81 0034 08       		.byte	8
  82 0035 19       		.byte	25
  83 0036 01       		.byte	1
  84 0037 40       		.byte	64
  85 0038 05       		.byte	5
  86 0039 41       		.byte	65
  87 003a 01       		.byte	1
  88 003b 40       		.byte	64
  89 003c 06       		.byte	6
  90 003d 42       		.byte	66
  91 003e 01       		.byte	1
  92 003f 40       		.byte	64
  93 0040 04       		.byte	4
  94 0041 43       		.byte	67
  95 0042 01       		.byte	1
  96 0043 40       		.byte	64
  97 0044 0A       		.byte	10
  98 0045 44       		.byte	68
  99 0046 01       		.byte	1
 100 0047 40       		.byte	64
 101 0048 0D       		.byte	13
 102 0049 45       		.byte	69
 103 004a 01       		.byte	1
 104 004b 40       		.byte	64
 105 004c 0B       		.byte	11
 106 004d 46       		.byte	70
 107 004e 01       		.byte	1
 108 004f 40       		.byte	64
 109 0050 09       		.byte	9
 110 0051 48       		.byte	72
 111 0052 01       		.byte	1
 112 0053 40       		.byte	64
 113 0054 06       		.byte	6
 114 0055 49       		.byte	73
ARM GAS  C:\Users\BASILE~1.BER\AppData\Local\Temp\ccOQDCPk.s 			page 3


 115 0056 01       		.byte	1
 116 0057 40       		.byte	64
 117 0058 05       		.byte	5
 118 0059 4C       		.byte	76
 119 005a 01       		.byte	1
 120 005b 40       		.byte	64
 121 005c 03       		.byte	3
 122 005d 4D       		.byte	77
 123 005e 01       		.byte	1
 124 005f 40       		.byte	64
 125 0060 06       		.byte	6
 126 0061 50       		.byte	80
 127 0062 01       		.byte	1
 128 0063 40       		.byte	64
 129 0064 10       		.byte	16
 130 0065 40       		.byte	64
 131 0066 14       		.byte	20
 132 0067 01       		.byte	1
 133 0068 31       		.byte	49
 134 0069 04       		.byte	4
 135 006a 60       		.byte	96
 136 006b 49       		.byte	73
 137 006c 61       		.byte	97
 138 006d 45       		.byte	69
 139 006e 78       		.byte	120
 140 006f 18       		.byte	24
 141 0070 79       		.byte	121
 142 0071 10       		.byte	16
 143 0072 8A       		.byte	-118
 144 0073 72       		.byte	114
 145 0074 8B       		.byte	-117
 146 0075 1F       		.byte	31
 147 0076 8C       		.byte	-116
 148 0077 38       		.byte	56
 149 0078 8F       		.byte	-113
 150 0079 0F       		.byte	15
 151 007a E2       		.byte	-30
 152 007b 10       		.byte	16
 153 007c E6       		.byte	-26
 154 007d 10       		.byte	16
 155 007e EA       		.byte	-22
 156 007f 04       		.byte	4
 157 0080 E2       		.byte	-30
 158 0081 10       		.byte	16
 159 0082 00       		.byte	0
 160 0083 FC       		.byte	-4
 161 0084 02       		.byte	2
 162 0085 03       		.byte	3
 163 0086 0C       		.byte	12
 164 0087 9A       		.byte	-102
 165 0088 10       		.byte	16
 166 0089 98       		.byte	-104
 167 008a 12       		.byte	18
 168 008b 02       		.byte	2
 169 008c 14       		.byte	20
 170 008d 02       		.byte	2
 171 008e 16       		.byte	22
ARM GAS  C:\Users\BASILE~1.BER\AppData\Local\Temp\ccOQDCPk.s 			page 4


 172 008f 98       		.byte	-104
 173 0090 18       		.byte	24
 174 0091 38       		.byte	56
 175 0092 1A       		.byte	26
 176 0093 C0       		.byte	-64
 177 0094 1C       		.byte	28
 178 0095 9A       		.byte	-102
 179 0096 20       		.byte	32
 180 0097 02       		.byte	2
 181 0098 24       		.byte	36
 182 0099 98       		.byte	-104
 183 009a 26       		.byte	38
 184 009b 02       		.byte	2
 185 009c 28       		.byte	40
 186 009d 21       		.byte	33
 187 009e 2A       		.byte	42
 188 009f D8       		.byte	-40
 189 00a0 2C       		.byte	44
 190 00a1 13       		.byte	19
 191 00a2 2E       		.byte	46
 192 00a3 64       		.byte	100
 193 00a4 32       		.byte	50
 194 00a5 0F       		.byte	15
 195 00a6 34       		.byte	52
 196 00a7 E0       		.byte	-32
 197 00a8 36       		.byte	54
 198 00a9 13       		.byte	19
 199 00aa 3A       		.byte	58
 200 00ab 28       		.byte	40
 201 00ac 40       		.byte	64
 202 00ad 34       		.byte	52
 203 00ae 41       		.byte	65
 204 00af 01       		.byte	1
 205 00b0 42       		.byte	66
 206 00b1 60       		.byte	96
 207 00b2 44       		.byte	68
 208 00b3 02       		.byte	2
 209 00b4 49       		.byte	73
 210 00b5 FF       		.byte	-1
 211 00b6 4A       		.byte	74
 212 00b7 FF       		.byte	-1
 213 00b8 4B       		.byte	75
 214 00b9 FF       		.byte	-1
 215 00ba 4C       		.byte	76
 216 00bb 02       		.byte	2
 217 00bc 4E       		.byte	78
 218 00bd 70       		.byte	112
 219 00be 4F       		.byte	79
 220 00bf 08       		.byte	8
 221 00c0 50       		.byte	80
 222 00c1 04       		.byte	4
 223 00c2 58       		.byte	88
 224 00c3 04       		.byte	4
 225 00c4 5A       		.byte	90
 226 00c5 04       		.byte	4
 227 00c6 5B       		.byte	91
 228 00c7 04       		.byte	4
ARM GAS  C:\Users\BASILE~1.BER\AppData\Local\Temp\ccOQDCPk.s 			page 5


 229 00c8 5F       		.byte	95
 230 00c9 01       		.byte	1
 231 00ca 62       		.byte	98
 232 00cb C0       		.byte	-64
 233 00cc 64       		.byte	100
 234 00cd 40       		.byte	64
 235 00ce 65       		.byte	101
 236 00cf 01       		.byte	1
 237 00d0 66       		.byte	102
 238 00d1 10       		.byte	16
 239 00d2 67       		.byte	103
 240 00d3 11       		.byte	17
 241 00d4 68       		.byte	104
 242 00d5 C0       		.byte	-64
 243 00d6 69       		.byte	105
 244 00d7 01       		.byte	1
 245 00d8 6B       		.byte	107
 246 00d9 11       		.byte	17
 247 00da 6C       		.byte	108
 248 00db 40       		.byte	64
 249 00dc 6D       		.byte	109
 250 00dd 01       		.byte	1
 251 00de 6E       		.byte	110
 252 00df 40       		.byte	64
 253 00e0 6F       		.byte	111
 254 00e1 01       		.byte	1
 255 00e2 80       		.byte	-128
 256 00e3 60       		.byte	96
 257 00e4 88       		.byte	-120
 258 00e5 01       		.byte	1
 259 00e6 8C       		.byte	-116
 260 00e7 04       		.byte	4
 261 00e8 90       		.byte	-112
 262 00e9 56       		.byte	86
 263 00ea 92       		.byte	-110
 264 00eb 09       		.byte	9
 265 00ec 94       		.byte	-108
 266 00ed 0A       		.byte	10
 267 00ee 96       		.byte	-106
 268 00ef 10       		.byte	16
 269 00f0 98       		.byte	-104
 270 00f1 04       		.byte	4
 271 00f2 9C       		.byte	-100
 272 00f3 07       		.byte	7
 273 00f4 9E       		.byte	-98
 274 00f5 38       		.byte	56
 275 00f6 A0       		.byte	-96
 276 00f7 04       		.byte	4
 277 00f8 A4       		.byte	-92
 278 00f9 04       		.byte	4
 279 00fa AA       		.byte	-86
 280 00fb 04       		.byte	4
 281 00fc AC       		.byte	-84
 282 00fd 04       		.byte	4
 283 00fe B0       		.byte	-80
 284 00ff 08       		.byte	8
 285 0100 B2       		.byte	-78
ARM GAS  C:\Users\BASILE~1.BER\AppData\Local\Temp\ccOQDCPk.s 			page 6


 286 0101 7F       		.byte	127
 287 0102 B6       		.byte	-74
 288 0103 02       		.byte	2
 289 0104 B8       		.byte	-72
 290 0105 08       		.byte	8
 291 0106 BB       		.byte	-69
 292 0107 20       		.byte	32
 293 0108 BE       		.byte	-66
 294 0109 41       		.byte	65
 295 010a C0       		.byte	-64
 296 010b 35       		.byte	53
 297 010c C1       		.byte	-63
 298 010d 01       		.byte	1
 299 010e C2       		.byte	-62
 300 010f 60       		.byte	96
 301 0110 C4       		.byte	-60
 302 0111 02       		.byte	2
 303 0112 C5       		.byte	-59
 304 0113 BE       		.byte	-66
 305 0114 C6       		.byte	-58
 306 0115 F0       		.byte	-16
 307 0116 C7       		.byte	-57
 308 0117 CD       		.byte	-51
 309 0118 C8       		.byte	-56
 310 0119 3B       		.byte	59
 311 011a C9       		.byte	-55
 312 011b FF       		.byte	-1
 313 011c CA       		.byte	-54
 314 011d FF       		.byte	-1
 315 011e CB       		.byte	-53
 316 011f FF       		.byte	-1
 317 0120 CC       		.byte	-52
 318 0121 23       		.byte	35
 319 0122 CE       		.byte	-50
 320 0123 F0       		.byte	-16
 321 0124 CF       		.byte	-49
 322 0125 08       		.byte	8
 323 0126 D0       		.byte	-48
 324 0127 04       		.byte	4
 325 0128 D4       		.byte	-44
 326 0129 09       		.byte	9
 327 012a D8       		.byte	-40
 328 012b 04       		.byte	4
 329 012c D9       		.byte	-39
 330 012d 04       		.byte	4
 331 012e DA       		.byte	-38
 332 012f 04       		.byte	4
 333 0130 DB       		.byte	-37
 334 0131 04       		.byte	4
 335 0132 DC       		.byte	-36
 336 0133 10       		.byte	16
 337 0134 DF       		.byte	-33
 338 0135 01       		.byte	1
 339 0136 E2       		.byte	-30
 340 0137 C0       		.byte	-64
 341 0138 E4       		.byte	-28
 342 0139 40       		.byte	64
ARM GAS  C:\Users\BASILE~1.BER\AppData\Local\Temp\ccOQDCPk.s 			page 7


 343 013a E5       		.byte	-27
 344 013b 01       		.byte	1
 345 013c E6       		.byte	-26
 346 013d 10       		.byte	16
 347 013e E7       		.byte	-25
 348 013f 11       		.byte	17
 349 0140 E8       		.byte	-24
 350 0141 C0       		.byte	-64
 351 0142 E9       		.byte	-23
 352 0143 01       		.byte	1
 353 0144 EB       		.byte	-21
 354 0145 11       		.byte	17
 355 0146 EC       		.byte	-20
 356 0147 40       		.byte	64
 357 0148 ED       		.byte	-19
 358 0149 01       		.byte	1
 359 014a EE       		.byte	-18
 360 014b 40       		.byte	64
 361 014c EF       		.byte	-17
 362 014d 01       		.byte	1
 363 014e 00       		.byte	0
 364 014f 90       		.byte	-112
 365 0150 01       		.byte	1
 366 0151 02       		.byte	2
 367 0152 03       		.byte	3
 368 0153 01       		.byte	1
 369 0154 06       		.byte	6
 370 0155 80       		.byte	-128
 371 0156 07       		.byte	7
 372 0157 01       		.byte	1
 373 0158 08       		.byte	8
 374 0159 08       		.byte	8
 375 015a 09       		.byte	9
 376 015b 89       		.byte	-119
 377 015c 0A       		.byte	10
 378 015d 04       		.byte	4
 379 015e 0B       		.byte	11
 380 015f 80       		.byte	-128
 381 0160 0C       		.byte	12
 382 0161 80       		.byte	-128
 383 0162 0E       		.byte	14
 384 0163 14       		.byte	20
 385 0164 0F       		.byte	15
 386 0165 40       		.byte	64
 387 0166 10       		.byte	16
 388 0167 80       		.byte	-128
 389 0168 11       		.byte	17
 390 0169 24       		.byte	36
 391 016a 13       		.byte	19
 392 016b 40       		.byte	64
 393 016c 14       		.byte	20
 394 016d 08       		.byte	8
 395 016e 15       		.byte	21
 396 016f 06       		.byte	6
 397 0170 17       		.byte	23
 398 0171 40       		.byte	64
 399 0172 18       		.byte	24
ARM GAS  C:\Users\BASILE~1.BER\AppData\Local\Temp\ccOQDCPk.s 			page 8


 400 0173 10       		.byte	16
 401 0174 19       		.byte	25
 402 0175 40       		.byte	64
 403 0176 1A       		.byte	26
 404 0177 80       		.byte	-128
 405 0178 1D       		.byte	29
 406 0179 88       		.byte	-120
 407 017a 1E       		.byte	30
 408 017b 05       		.byte	5
 409 017c 21       		.byte	33
 410 017d 10       		.byte	16
 411 017e 41       		.byte	65
 412 017f A8       		.byte	-88
 413 0180 45       		.byte	69
 414 0181 A9       		.byte	-87
 415 0182 46       		.byte	70
 416 0183 A0       		.byte	-96
 417 0184 47       		.byte	71
 418 0185 40       		.byte	64
 419 0186 49       		.byte	73
 420 0187 06       		.byte	6
 421 0188 4A       		.byte	74
 422 0189 08       		.byte	8
 423 018a 4B       		.byte	75
 424 018b 80       		.byte	-128
 425 018c 4E       		.byte	78
 426 018d 0C       		.byte	12
 427 018e 51       		.byte	81
 428 018f 01       		.byte	1
 429 0190 52       		.byte	82
 430 0191 16       		.byte	22
 431 0192 59       		.byte	89
 432 0193 25       		.byte	37
 433 0194 5A       		.byte	90
 434 0195 80       		.byte	-128
 435 0196 61       		.byte	97
 436 0197 40       		.byte	64
 437 0198 6C       		.byte	108
 438 0199 04       		.byte	4
 439 019a 6D       		.byte	109
 440 019b 80       		.byte	-128
 441 019c 8C       		.byte	-116
 442 019d 04       		.byte	4
 443 019e 91       		.byte	-111
 444 019f 04       		.byte	4
 445 01a0 92       		.byte	-110
 446 01a1 18       		.byte	24
 447 01a2 93       		.byte	-109
 448 01a3 40       		.byte	64
 449 01a4 95       		.byte	-107
 450 01a5 20       		.byte	32
 451 01a6 96       		.byte	-106
 452 01a7 01       		.byte	1
 453 01a8 9E       		.byte	-98
 454 01a9 34       		.byte	52
 455 01aa 9F       		.byte	-97
 456 01ab 40       		.byte	64
ARM GAS  C:\Users\BASILE~1.BER\AppData\Local\Temp\ccOQDCPk.s 			page 9


 457 01ac A0       		.byte	-96
 458 01ad C0       		.byte	-64
 459 01ae A1       		.byte	-95
 460 01af 31       		.byte	49
 461 01b0 A3       		.byte	-93
 462 01b1 04       		.byte	4
 463 01b2 A6       		.byte	-90
 464 01b3 02       		.byte	2
 465 01b4 B4       		.byte	-76
 466 01b5 21       		.byte	33
 467 01b6 B6       		.byte	-74
 468 01b7 04       		.byte	4
 469 01b8 B7       		.byte	-73
 470 01b9 01       		.byte	1
 471 01ba C0       		.byte	-64
 472 01bb 9B       		.byte	-101
 473 01bc C2       		.byte	-62
 474 01bd FF       		.byte	-1
 475 01be C4       		.byte	-60
 476 01bf FF       		.byte	-1
 477 01c0 D0       		.byte	-48
 478 01c1 FE       		.byte	-2
 479 01c2 D2       		.byte	-46
 480 01c3 2C       		.byte	44
 481 01c4 D6       		.byte	-42
 482 01c5 0F       		.byte	15
 483 01c6 D8       		.byte	-40
 484 01c7 08       		.byte	8
 485 01c8 E2       		.byte	-30
 486 01c9 10       		.byte	16
 487 01ca 00       		.byte	0
 488 01cb 08       		.byte	8
 489 01cc 02       		.byte	2
 490 01cd 34       		.byte	52
 491 01ce 07       		.byte	7
 492 01cf 04       		.byte	4
 493 01d0 09       		.byte	9
 494 01d1 DF       		.byte	-33
 495 01d2 0C       		.byte	12
 496 01d3 37       		.byte	55
 497 01d4 0D       		.byte	13
 498 01d5 C7       		.byte	-57
 499 01d6 0F       		.byte	15
 500 01d7 18       		.byte	24
 501 01d8 10       		.byte	16
 502 01d9 34       		.byte	52
 503 01da 12       		.byte	18
 504 01db 03       		.byte	3
 505 01dc 14       		.byte	20
 506 01dd 37       		.byte	55
 507 01de 15       		.byte	21
 508 01df 5C       		.byte	92
 509 01e0 17       		.byte	23
 510 01e1 82       		.byte	-126
 511 01e2 18       		.byte	24
 512 01e3 08       		.byte	8
 513 01e4 19       		.byte	25
ARM GAS  C:\Users\BASILE~1.BER\AppData\Local\Temp\ccOQDCPk.s 			page 10


 514 01e5 08       		.byte	8
 515 01e6 1A       		.byte	26
 516 01e7 10       		.byte	16
 517 01e8 1C       		.byte	28
 518 01e9 04       		.byte	4
 519 01ea 1D       		.byte	29
 520 01eb 5C       		.byte	92
 521 01ec 1E       		.byte	30
 522 01ed 08       		.byte	8
 523 01ee 1F       		.byte	31
 524 01ef 81       		.byte	-127
 525 01f0 20       		.byte	32
 526 01f1 37       		.byte	55
 527 01f2 21       		.byte	33
 528 01f3 10       		.byte	16
 529 01f4 24       		.byte	36
 530 01f5 37       		.byte	55
 531 01f6 25       		.byte	37
 532 01f7 18       		.byte	24
 533 01f8 2A       		.byte	42
 534 01f9 02       		.byte	2
 535 01fa 2B       		.byte	43
 536 01fb 83       		.byte	-125
 537 01fc 2C       		.byte	44
 538 01fd 08       		.byte	8
 539 01fe 2D       		.byte	45
 540 01ff 04       		.byte	4
 541 0200 2E       		.byte	46
 542 0201 20       		.byte	32
 543 0202 2F       		.byte	47
 544 0203 20       		.byte	32
 545 0204 30       		.byte	48
 546 0205 3C       		.byte	60
 547 0206 31       		.byte	49
 548 0207 40       		.byte	64
 549 0208 33       		.byte	51
 550 0209 1F       		.byte	31
 551 020a 34       		.byte	52
 552 020b 01       		.byte	1
 553 020c 35       		.byte	53
 554 020d 20       		.byte	32
 555 020e 36       		.byte	54
 556 020f 02       		.byte	2
 557 0210 37       		.byte	55
 558 0211 98       		.byte	-104
 559 0212 3A       		.byte	58
 560 0213 02       		.byte	2
 561 0214 3B       		.byte	59
 562 0215 88       		.byte	-120
 563 0216 3E       		.byte	62
 564 0217 50       		.byte	80
 565 0218 3F       		.byte	63
 566 0219 01       		.byte	1
 567 021a 56       		.byte	86
 568 021b 02       		.byte	2
 569 021c 57       		.byte	87
 570 021d 13       		.byte	19
ARM GAS  C:\Users\BASILE~1.BER\AppData\Local\Temp\ccOQDCPk.s 			page 11


 571 021e 58       		.byte	88
 572 021f 04       		.byte	4
 573 0220 59       		.byte	89
 574 0221 04       		.byte	4
 575 0222 5B       		.byte	91
 576 0223 04       		.byte	4
 577 0224 5C       		.byte	92
 578 0225 10       		.byte	16
 579 0226 5D       		.byte	93
 580 0227 10       		.byte	16
 581 0228 5F       		.byte	95
 582 0229 01       		.byte	1
 583 022a 80       		.byte	-128
 584 022b 33       		.byte	51
 585 022c 82       		.byte	-126
 586 022d 4C       		.byte	76
 587 022e 94       		.byte	-108
 588 022f E0       		.byte	-32
 589 0230 9C       		.byte	-100
 590 0231 02       		.byte	2
 591 0232 9E       		.byte	-98
 592 0233 0D       		.byte	13
 593 0234 A4       		.byte	-92
 594 0235 55       		.byte	85
 595 0236 A6       		.byte	-90
 596 0237 AA       		.byte	-86
 597 0238 AC       		.byte	-84
 598 0239 49       		.byte	73
 599 023a AE       		.byte	-82
 600 023b 96       		.byte	-106
 601 023c B2       		.byte	-78
 602 023d F0       		.byte	-16
 603 023e B6       		.byte	-74
 604 023f 0F       		.byte	15
 605 0240 B8       		.byte	-72
 606 0241 08       		.byte	8
 607 0242 BA       		.byte	-70
 608 0243 80       		.byte	-128
 609 0244 C0       		.byte	-64
 610 0245 34       		.byte	52
 611 0246 C1       		.byte	-63
 612 0247 06       		.byte	6
 613 0248 C5       		.byte	-59
 614 0249 E0       		.byte	-32
 615 024a C6       		.byte	-58
 616 024b 0B       		.byte	11
 617 024c C7       		.byte	-57
 618 024d 0C       		.byte	12
 619 024e C8       		.byte	-56
 620 024f 16       		.byte	22
 621 0250 C9       		.byte	-55
 622 0251 FF       		.byte	-1
 623 0252 CA       		.byte	-54
 624 0253 FF       		.byte	-1
 625 0254 CB       		.byte	-53
 626 0255 FF       		.byte	-1
 627 0256 CE       		.byte	-50
ARM GAS  C:\Users\BASILE~1.BER\AppData\Local\Temp\ccOQDCPk.s 			page 12


 628 0257 F0       		.byte	-16
 629 0258 CF       		.byte	-49
 630 0259 44       		.byte	68
 631 025a D0       		.byte	-48
 632 025b 0C       		.byte	12
 633 025c D6       		.byte	-42
 634 025d 02       		.byte	2
 635 025e D7       		.byte	-41
 636 025f 2C       		.byte	44
 637 0260 D8       		.byte	-40
 638 0261 04       		.byte	4
 639 0262 DA       		.byte	-38
 640 0263 04       		.byte	4
 641 0264 DB       		.byte	-37
 642 0265 04       		.byte	4
 643 0266 DD       		.byte	-35
 644 0267 01       		.byte	1
 645 0268 DF       		.byte	-33
 646 0269 01       		.byte	1
 647 026a E6       		.byte	-26
 648 026b C0       		.byte	-64
 649 026c EA       		.byte	-22
 650 026d 40       		.byte	64
 651 026e EB       		.byte	-21
 652 026f 02       		.byte	2
 653 0270 00       		.byte	0
 654 0271 80       		.byte	-128
 655 0272 01       		.byte	1
 656 0273 02       		.byte	2
 657 0274 07       		.byte	7
 658 0275 40       		.byte	64
 659 0276 08       		.byte	8
 660 0277 10       		.byte	16
 661 0278 0A       		.byte	10
 662 0279 51       		.byte	81
 663 027a 0B       		.byte	11
 664 027b 40       		.byte	64
 665 027c 0E       		.byte	14
 666 027d 22       		.byte	34
 667 027e 11       		.byte	17
 668 027f 05       		.byte	5
 669 0280 12       		.byte	18
 670 0281 04       		.byte	4
 671 0282 13       		.byte	19
 672 0283 80       		.byte	-128
 673 0284 14       		.byte	20
 674 0285 10       		.byte	16
 675 0286 16       		.byte	22
 676 0287 20       		.byte	32
 677 0288 17       		.byte	23
 678 0289 80       		.byte	-128
 679 028a 18       		.byte	24
 680 028b 02       		.byte	2
 681 028c 19       		.byte	25
 682 028d 02       		.byte	2
 683 028e 1A       		.byte	26
 684 028f 08       		.byte	8
ARM GAS  C:\Users\BASILE~1.BER\AppData\Local\Temp\ccOQDCPk.s 			page 13


 685 0290 1E       		.byte	30
 686 0291 22       		.byte	34
 687 0292 1F       		.byte	31
 688 0293 48       		.byte	72
 689 0294 20       		.byte	32
 690 0295 04       		.byte	4
 691 0296 21       		.byte	33
 692 0297 08       		.byte	8
 693 0298 22       		.byte	34
 694 0299 81       		.byte	-127
 695 029a 28       		.byte	40
 696 029b 02       		.byte	2
 697 029c 29       		.byte	41
 698 029d 14       		.byte	20
 699 029e 2A       		.byte	42
 700 029f 02       		.byte	2
 701 02a0 30       		.byte	48
 702 02a1 60       		.byte	96
 703 02a2 31       		.byte	49
 704 02a3 08       		.byte	8
 705 02a4 32       		.byte	50
 706 02a5 80       		.byte	-128
 707 02a6 38       		.byte	56
 708 02a7 44       		.byte	68
 709 02a8 39       		.byte	57
 710 02a9 20       		.byte	32
 711 02aa 46       		.byte	70
 712 02ab 80       		.byte	-128
 713 02ac 47       		.byte	71
 714 02ad 04       		.byte	4
 715 02ae 4C       		.byte	76
 716 02af 40       		.byte	64
 717 02b0 4D       		.byte	77
 718 02b1 20       		.byte	32
 719 02b2 56       		.byte	86
 720 02b3 48       		.byte	72
 721 02b4 5A       		.byte	90
 722 02b5 02       		.byte	2
 723 02b6 67       		.byte	103
 724 02b7 80       		.byte	-128
 725 02b8 69       		.byte	105
 726 02b9 18       		.byte	24
 727 02ba 6A       		.byte	106
 728 02bb 80       		.byte	-128
 729 02bc 6C       		.byte	108
 730 02bd 80       		.byte	-128
 731 02be 6D       		.byte	109
 732 02bf 25       		.byte	37
 733 02c0 6E       		.byte	110
 734 02c1 50       		.byte	80
 735 02c2 70       		.byte	112
 736 02c3 20       		.byte	32
 737 02c4 71       		.byte	113
 738 02c5 04       		.byte	4
 739 02c6 72       		.byte	114
 740 02c7 02       		.byte	2
 741 02c8 74       		.byte	116
ARM GAS  C:\Users\BASILE~1.BER\AppData\Local\Temp\ccOQDCPk.s 			page 14


 742 02c9 40       		.byte	64
 743 02ca 79       		.byte	121
 744 02cb 10       		.byte	16
 745 02cc 7A       		.byte	122
 746 02cd 08       		.byte	8
 747 02ce 86       		.byte	-122
 748 02cf 10       		.byte	16
 749 02d0 88       		.byte	-120
 750 02d1 01       		.byte	1
 751 02d2 89       		.byte	-119
 752 02d3 08       		.byte	8
 753 02d4 90       		.byte	-112
 754 02d5 40       		.byte	64
 755 02d6 94       		.byte	-108
 756 02d7 80       		.byte	-128
 757 02d8 95       		.byte	-107
 758 02d9 28       		.byte	40
 759 02da 96       		.byte	-106
 760 02db 81       		.byte	-127
 761 02dc 97       		.byte	-105
 762 02dd 01       		.byte	1
 763 02de 98       		.byte	-104
 764 02df 02       		.byte	2
 765 02e0 99       		.byte	-103
 766 02e1 30       		.byte	48
 767 02e2 9A       		.byte	-102
 768 02e3 80       		.byte	-128
 769 02e4 9B       		.byte	-101
 770 02e5 84       		.byte	-124
 771 02e6 9C       		.byte	-100
 772 02e7 61       		.byte	97
 773 02e8 9D       		.byte	-99
 774 02e9 04       		.byte	4
 775 02ea 9E       		.byte	-98
 776 02eb 7A       		.byte	122
 777 02ec A1       		.byte	-95
 778 02ed 21       		.byte	33
 779 02ee A3       		.byte	-93
 780 02ef 04       		.byte	4
 781 02f0 A4       		.byte	-92
 782 02f1 20       		.byte	32
 783 02f2 A6       		.byte	-90
 784 02f3 0A       		.byte	10
 785 02f4 A7       		.byte	-89
 786 02f5 08       		.byte	8
 787 02f6 A8       		.byte	-88
 788 02f7 01       		.byte	1
 789 02f8 AE       		.byte	-82
 790 02f9 40       		.byte	64
 791 02fa B0       		.byte	-80
 792 02fb 12       		.byte	18
 793 02fc B1       		.byte	-79
 794 02fd 08       		.byte	8
 795 02fe B3       		.byte	-77
 796 02ff 05       		.byte	5
 797 0300 B4       		.byte	-76
 798 0301 10       		.byte	16
ARM GAS  C:\Users\BASILE~1.BER\AppData\Local\Temp\ccOQDCPk.s 			page 15


 799 0302 B6       		.byte	-74
 800 0303 01       		.byte	1
 801 0304 C0       		.byte	-64
 802 0305 19       		.byte	25
 803 0306 C2       		.byte	-62
 804 0307 AF       		.byte	-81
 805 0308 C4       		.byte	-60
 806 0309 AF       		.byte	-81
 807 030a CA       		.byte	-54
 808 030b 0F       		.byte	15
 809 030c CC       		.byte	-52
 810 030d 0E       		.byte	14
 811 030e CE       		.byte	-50
 812 030f 0E       		.byte	14
 813 0310 D0       		.byte	-48
 814 0311 C0       		.byte	-64
 815 0312 D2       		.byte	-46
 816 0313 20       		.byte	32
 817 0314 D6       		.byte	-42
 818 0315 01       		.byte	1
 819 0316 D8       		.byte	-40
 820 0317 80       		.byte	-128
 821 0318 E4       		.byte	-28
 822 0319 08       		.byte	8
 823 031a EC       		.byte	-20
 824 031b 06       		.byte	6
 825 031c 01       		.byte	1
 826 031d 05       		.byte	5
 827 031e 03       		.byte	3
 828 031f 08       		.byte	8
 829 0320 09       		.byte	9
 830 0321 18       		.byte	24
 831 0322 0A       		.byte	10
 832 0323 01       		.byte	1
 833 0324 0B       		.byte	11
 834 0325 07       		.byte	7
 835 0326 0D       		.byte	13
 836 0327 20       		.byte	32
 837 0328 11       		.byte	17
 838 0329 10       		.byte	16
 839 032a 1A       		.byte	26
 840 032b 01       		.byte	1
 841 032c 1B       		.byte	27
 842 032d 02       		.byte	2
 843 032e 1D       		.byte	29
 844 032f 10       		.byte	16
 845 0330 1E       		.byte	30
 846 0331 02       		.byte	2
 847 0332 1F       		.byte	31
 848 0333 03       		.byte	3
 849 0334 2A       		.byte	42
 850 0335 02       		.byte	2
 851 0336 30       		.byte	48
 852 0337 01       		.byte	1
 853 0338 31       		.byte	49
 854 0339 1C       		.byte	28
 855 033a 32       		.byte	50
ARM GAS  C:\Users\BASILE~1.BER\AppData\Local\Temp\ccOQDCPk.s 			page 16


 856 033b 02       		.byte	2
 857 033c 33       		.byte	51
 858 033d 03       		.byte	3
 859 033e 37       		.byte	55
 860 033f 20       		.byte	32
 861 0340 3B       		.byte	59
 862 0341 02       		.byte	2
 863 0342 3E       		.byte	62
 864 0343 05       		.byte	5
 865 0344 3F       		.byte	63
 866 0345 40       		.byte	64
 867 0346 54       		.byte	84
 868 0347 18       		.byte	24
 869 0348 58       		.byte	88
 870 0349 04       		.byte	4
 871 034a 59       		.byte	89
 872 034b 04       		.byte	4
 873 034c 5B       		.byte	91
 874 034d 04       		.byte	4
 875 034e 5D       		.byte	93
 876 034f 10       		.byte	16
 877 0350 5F       		.byte	95
 878 0351 01       		.byte	1
 879 0352 85       		.byte	-123
 880 0353 FF       		.byte	-1
 881 0354 88       		.byte	-120
 882 0355 0F       		.byte	15
 883 0356 89       		.byte	-119
 884 0357 33       		.byte	51
 885 0358 8C       		.byte	-116
 886 0359 0A       		.byte	10
 887 035a 8D       		.byte	-115
 888 035b F3       		.byte	-13
 889 035c 8E       		.byte	-114
 890 035d 05       		.byte	5
 891 035e 8F       		.byte	-113
 892 035f 0C       		.byte	12
 893 0360 91       		.byte	-111
 894 0361 22       		.byte	34
 895 0362 94       		.byte	-108
 896 0363 0C       		.byte	12
 897 0364 95       		.byte	-107
 898 0365 0C       		.byte	12
 899 0366 96       		.byte	-106
 900 0367 03       		.byte	3
 901 0368 99       		.byte	-103
 902 0369 04       		.byte	4
 903 036a 9D       		.byte	-99
 904 036b 0F       		.byte	15
 905 036c 9F       		.byte	-97
 906 036d F0       		.byte	-16
 907 036e A1       		.byte	-95
 908 036f 08       		.byte	8
 909 0370 A5       		.byte	-91
 910 0371 11       		.byte	17
 911 0372 AB       		.byte	-85
 912 0373 B3       		.byte	-77
ARM GAS  C:\Users\BASILE~1.BER\AppData\Local\Temp\ccOQDCPk.s 			page 17


 913 0374 AD       		.byte	-83
 914 0375 8C       		.byte	-116
 915 0376 AF       		.byte	-81
 916 0377 73       		.byte	115
 917 0378 B0       		.byte	-80
 918 0379 01       		.byte	1
 919 037a B1       		.byte	-79
 920 037b 0F       		.byte	15
 921 037c B2       		.byte	-78
 922 037d 04       		.byte	4
 923 037e B3       		.byte	-77
 924 037f 30       		.byte	48
 925 0380 B4       		.byte	-76
 926 0381 08       		.byte	8
 927 0382 B5       		.byte	-75
 928 0383 8C       		.byte	-116
 929 0384 B6       		.byte	-74
 930 0385 02       		.byte	2
 931 0386 B7       		.byte	-73
 932 0387 40       		.byte	64
 933 0388 B8       		.byte	-72
 934 0389 AA       		.byte	-86
 935 038a B9       		.byte	-71
 936 038b 80       		.byte	-128
 937 038c BB       		.byte	-69
 938 038d 02       		.byte	2
 939 038e BE       		.byte	-66
 940 038f 55       		.byte	85
 941 0390 C0       		.byte	-64
 942 0391 46       		.byte	70
 943 0392 C1       		.byte	-63
 944 0393 02       		.byte	2
 945 0394 C2       		.byte	-62
 946 0395 03       		.byte	3
 947 0396 C4       		.byte	-60
 948 0397 05       		.byte	5
 949 0398 C6       		.byte	-58
 950 0399 C0       		.byte	-64
 951 039a C7       		.byte	-57
 952 039b 0E       		.byte	14
 953 039c C8       		.byte	-56
 954 039d 18       		.byte	24
 955 039e C9       		.byte	-55
 956 039f FF       		.byte	-1
 957 03a0 CA       		.byte	-54
 958 03a1 FF       		.byte	-1
 959 03a2 CB       		.byte	-53
 960 03a3 FF       		.byte	-1
 961 03a4 CC       		.byte	-52
 962 03a5 62       		.byte	98
 963 03a6 CD       		.byte	-51
 964 03a7 A0       		.byte	-96
 965 03a8 CE       		.byte	-50
 966 03a9 F0       		.byte	-16
 967 03aa CF       		.byte	-49
 968 03ab 41       		.byte	65
 969 03ac D0       		.byte	-48
ARM GAS  C:\Users\BASILE~1.BER\AppData\Local\Temp\ccOQDCPk.s 			page 18


 970 03ad 0C       		.byte	12
 971 03ae D4       		.byte	-44
 972 03af 40       		.byte	64
 973 03b0 D8       		.byte	-40
 974 03b1 04       		.byte	4
 975 03b2 D9       		.byte	-39
 976 03b3 04       		.byte	4
 977 03b4 DA       		.byte	-38
 978 03b5 04       		.byte	4
 979 03b6 DB       		.byte	-37
 980 03b7 04       		.byte	4
 981 03b8 DC       		.byte	-36
 982 03b9 10       		.byte	16
 983 03ba DD       		.byte	-35
 984 03bb 01       		.byte	1
 985 03bc DF       		.byte	-33
 986 03bd 01       		.byte	1
 987 03be E6       		.byte	-26
 988 03bf 40       		.byte	64
 989 03c0 E7       		.byte	-25
 990 03c1 02       		.byte	2
 991 03c2 E9       		.byte	-23
 992 03c3 10       		.byte	16
 993 03c4 EA       		.byte	-22
 994 03c5 30       		.byte	48
 995 03c6 EB       		.byte	-21
 996 03c7 10       		.byte	16
 997 03c8 ED       		.byte	-19
 998 03c9 10       		.byte	16
 999 03ca EE       		.byte	-18
 1000 03cb 10       		.byte	16
 1001 03cc EF       		.byte	-17
 1002 03cd 12       		.byte	18
 1003 03ce 01       		.byte	1
 1004 03cf 40       		.byte	64
 1005 03d0 03       		.byte	3
 1006 03d1 08       		.byte	8
 1007 03d2 04       		.byte	4
 1008 03d3 20       		.byte	32
 1009 03d4 0A       		.byte	10
 1010 03d5 20       		.byte	32
 1011 03d6 0D       		.byte	13
 1012 03d7 80       		.byte	-128
 1013 03d8 0F       		.byte	15
 1014 03d9 04       		.byte	4
 1015 03da 16       		.byte	22
 1016 03db 04       		.byte	4
 1017 03dc 18       		.byte	24
 1018 03dd 0A       		.byte	10
 1019 03de 1B       		.byte	27
 1020 03df 05       		.byte	5
 1021 03e0 1F       		.byte	31
 1022 03e1 05       		.byte	5
 1023 03e2 20       		.byte	32
 1024 03e3 50       		.byte	80
 1025 03e4 21       		.byte	33
 1026 03e5 80       		.byte	-128
ARM GAS  C:\Users\BASILE~1.BER\AppData\Local\Temp\ccOQDCPk.s 			page 19


 1027 03e6 23       		.byte	35
 1028 03e7 04       		.byte	4
 1029 03e8 25       		.byte	37
 1030 03e9 01       		.byte	1
 1031 03ea 26       		.byte	38
 1032 03eb 40       		.byte	64
 1033 03ec 27       		.byte	39
 1034 03ed A0       		.byte	-96
 1035 03ee 28       		.byte	40
 1036 03ef 11       		.byte	17
 1037 03f0 29       		.byte	41
 1038 03f1 10       		.byte	16
 1039 03f2 2A       		.byte	42
 1040 03f3 02       		.byte	2
 1041 03f4 30       		.byte	48
 1042 03f5 60       		.byte	96
 1043 03f6 31       		.byte	49
 1044 03f7 04       		.byte	4
 1045 03f8 32       		.byte	50
 1046 03f9 01       		.byte	1
 1047 03fa 36       		.byte	54
 1048 03fb 02       		.byte	2
 1049 03fc 37       		.byte	55
 1050 03fd A0       		.byte	-96
 1051 03fe 38       		.byte	56
 1052 03ff 44       		.byte	68
 1053 0400 3B       		.byte	59
 1054 0401 10       		.byte	16
 1055 0402 3C       		.byte	60
 1056 0403 80       		.byte	-128
 1057 0404 3E       		.byte	62
 1058 0405 21       		.byte	33
 1059 0406 40       		.byte	64
 1060 0407 44       		.byte	68
 1061 0408 41       		.byte	65
 1062 0409 18       		.byte	24
 1063 040a 48       		.byte	72
 1064 040b 05       		.byte	5
 1065 040c 49       		.byte	73
 1066 040d 10       		.byte	16
 1067 040e 50       		.byte	80
 1068 040f 10       		.byte	16
 1069 0410 52       		.byte	82
 1070 0411 04       		.byte	4
 1071 0412 5E       		.byte	94
 1072 0413 02       		.byte	2
 1073 0414 60       		.byte	96
 1074 0415 20       		.byte	32
 1075 0416 62       		.byte	98
 1076 0417 10       		.byte	16
 1077 0418 63       		.byte	99
 1078 0419 01       		.byte	1
 1079 041a 67       		.byte	103
 1080 041b 0A       		.byte	10
 1081 041c 8C       		.byte	-116
 1082 041d 04       		.byte	4
 1083 041e 8F       		.byte	-113
ARM GAS  C:\Users\BASILE~1.BER\AppData\Local\Temp\ccOQDCPk.s 			page 20


 1084 041f 20       		.byte	32
 1085 0420 91       		.byte	-111
 1086 0421 40       		.byte	64
 1087 0422 92       		.byte	-110
 1088 0423 22       		.byte	34
 1089 0424 93       		.byte	-109
 1090 0425 10       		.byte	16
 1091 0426 94       		.byte	-108
 1092 0427 80       		.byte	-128
 1093 0428 95       		.byte	-107
 1094 0429 08       		.byte	8
 1095 042a 96       		.byte	-106
 1096 042b 80       		.byte	-128
 1097 042c 99       		.byte	-103
 1098 042d 20       		.byte	32
 1099 042e 9A       		.byte	-102
 1100 042f 80       		.byte	-128
 1101 0430 9B       		.byte	-101
 1102 0431 04       		.byte	4
 1103 0432 9C       		.byte	-100
 1104 0433 02       		.byte	2
 1105 0434 9E       		.byte	-98
 1106 0435 48       		.byte	72
 1107 0436 A0       		.byte	-96
 1108 0437 45       		.byte	69
 1109 0438 A1       		.byte	-95
 1110 0439 20       		.byte	32
 1111 043a A6       		.byte	-90
 1112 043b 08       		.byte	8
 1113 043c A9       		.byte	-87
 1114 043d 20       		.byte	32
 1115 043e B4       		.byte	-76
 1116 043f 80       		.byte	-128
 1117 0440 C0       		.byte	-64
 1118 0441 43       		.byte	67
 1119 0442 C2       		.byte	-62
 1120 0443 C4       		.byte	-60
 1121 0444 C4       		.byte	-60
 1122 0445 40       		.byte	64
 1123 0446 CA       		.byte	-54
 1124 0447 0F       		.byte	15
 1125 0448 CC       		.byte	-52
 1126 0449 BF       		.byte	-65
 1127 044a CE       		.byte	-50
 1128 044b BE       		.byte	-66
 1129 044c D0       		.byte	-48
 1130 044d 07       		.byte	7
 1131 044e D2       		.byte	-46
 1132 044f 0C       		.byte	12
 1133 0450 D6       		.byte	-42
 1134 0451 80       		.byte	-128
 1135 0452 D8       		.byte	-40
 1136 0453 3E       		.byte	62
 1137 0454 E2       		.byte	-30
 1138 0455 10       		.byte	16
 1139 0456 E6       		.byte	-26
 1140 0457 10       		.byte	16
ARM GAS  C:\Users\BASILE~1.BER\AppData\Local\Temp\ccOQDCPk.s 			page 21


 1141 0458 EA       		.byte	-22
 1142 0459 04       		.byte	4
 1143 045a 05       		.byte	5
 1144 045b F3       		.byte	-13
 1145 045c 09       		.byte	9
 1146 045d 20       		.byte	32
 1147 045e 0A       		.byte	10
 1148 045f 4C       		.byte	76
 1149 0460 0B       		.byte	11
 1150 0461 C4       		.byte	-60
 1151 0462 0D       		.byte	13
 1152 0463 82       		.byte	-126
 1153 0464 0E       		.byte	14
 1154 0465 08       		.byte	8
 1155 0466 0F       		.byte	15
 1156 0467 29       		.byte	41
 1157 0468 10       		.byte	16
 1158 0469 4C       		.byte	76
 1159 046a 12       		.byte	18
 1160 046b 13       		.byte	19
 1161 046c 15       		.byte	21
 1162 046d F3       		.byte	-13
 1163 046e 18       		.byte	24
 1164 046f 11       		.byte	17
 1165 0470 1A       		.byte	26
 1166 0471 0E       		.byte	14
 1167 0472 1C       		.byte	28
 1168 0473 20       		.byte	32
 1169 0474 1D       		.byte	29
 1170 0475 10       		.byte	16
 1171 0476 1E       		.byte	30
 1172 0477 03       		.byte	3
 1173 0478 28       		.byte	40
 1174 0479 11       		.byte	17
 1175 047a 2A       		.byte	42
 1176 047b 46       		.byte	70
 1177 047c 2D       		.byte	45
 1178 047d 41       		.byte	65
 1179 047e 2F       		.byte	47
 1180 047f 2A       		.byte	42
 1181 0480 30       		.byte	48
 1182 0481 0F       		.byte	15
 1183 0482 31       		.byte	49
 1184 0483 03       		.byte	3
 1185 0484 32       		.byte	50
 1186 0485 30       		.byte	48
 1187 0486 33       		.byte	51
 1188 0487 E0       		.byte	-32
 1189 0488 34       		.byte	52
 1190 0489 4A       		.byte	74
 1191 048a 35       		.byte	53
 1192 048b 10       		.byte	16
 1193 048c 37       		.byte	55
 1194 048d 0C       		.byte	12
 1195 048e 38       		.byte	56
 1196 048f 08       		.byte	8
 1197 0490 3A       		.byte	58
ARM GAS  C:\Users\BASILE~1.BER\AppData\Local\Temp\ccOQDCPk.s 			page 22


 1198 0491 22       		.byte	34
 1199 0492 3F       		.byte	63
 1200 0493 40       		.byte	64
 1201 0494 58       		.byte	88
 1202 0495 04       		.byte	4
 1203 0496 59       		.byte	89
 1204 0497 04       		.byte	4
 1205 0498 5B       		.byte	91
 1206 0499 04       		.byte	4
 1207 049a 5C       		.byte	92
 1208 049b 11       		.byte	17
 1209 049c 5F       		.byte	95
 1210 049d 01       		.byte	1
 1211 049e 80       		.byte	-128
 1212 049f 1C       		.byte	28
 1213 04a0 81       		.byte	-127
 1214 04a1 2A       		.byte	42
 1215 04a2 82       		.byte	-126
 1216 04a3 02       		.byte	2
 1217 04a4 83       		.byte	-125
 1218 04a5 44       		.byte	68
 1219 04a6 84       		.byte	-124
 1220 04a7 09       		.byte	9
 1221 04a8 85       		.byte	-123
 1222 04a9 03       		.byte	3
 1223 04aa 86       		.byte	-122
 1224 04ab 10       		.byte	16
 1225 04ac 87       		.byte	-121
 1226 04ad 44       		.byte	68
 1227 04ae 88       		.byte	-120
 1228 04af 0C       		.byte	12
 1229 04b0 8A       		.byte	-118
 1230 04b1 11       		.byte	17
 1231 04b2 8C       		.byte	-116
 1232 04b3 20       		.byte	32
 1233 04b4 8F       		.byte	-113
 1234 04b5 55       		.byte	85
 1235 04b6 92       		.byte	-110
 1236 04b7 03       		.byte	3
 1237 04b8 95       		.byte	-107
 1238 04b9 73       		.byte	115
 1239 04ba 97       		.byte	-105
 1240 04bb 0C       		.byte	12
 1241 04bc 99       		.byte	-103
 1242 04bd 73       		.byte	115
 1243 04be 9B       		.byte	-101
 1244 04bf 04       		.byte	4
 1245 04c0 A0       		.byte	-96
 1246 04c1 14       		.byte	20
 1247 04c2 A4       		.byte	-92
 1248 04c3 10       		.byte	16
 1249 04c4 A6       		.byte	-90
 1250 04c5 0C       		.byte	12
 1251 04c6 AB       		.byte	-85
 1252 04c7 08       		.byte	8
 1253 04c8 AC       		.byte	-84
 1254 04c9 10       		.byte	16
ARM GAS  C:\Users\BASILE~1.BER\AppData\Local\Temp\ccOQDCPk.s 			page 23


 1255 04ca B0       		.byte	-80
 1256 04cb 1F       		.byte	31
 1257 04cc B3       		.byte	-77
 1258 04cd 30       		.byte	48
 1259 04ce B4       		.byte	-76
 1260 04cf 20       		.byte	32
 1261 04d0 B5       		.byte	-75
 1262 04d1 0F       		.byte	15
 1263 04d2 B7       		.byte	-73
 1264 04d3 40       		.byte	64
 1265 04d4 B9       		.byte	-71
 1266 04d5 08       		.byte	8
 1267 04d6 BB       		.byte	-69
 1268 04d7 20       		.byte	32
 1269 04d8 BE       		.byte	-66
 1270 04d9 10       		.byte	16
 1271 04da BF       		.byte	-65
 1272 04db 44       		.byte	68
 1273 04dc C0       		.byte	-64
 1274 04dd 02       		.byte	2
 1275 04de C7       		.byte	-57
 1276 04df 40       		.byte	64
 1277 04e0 C9       		.byte	-55
 1278 04e1 FF       		.byte	-1
 1279 04e2 CA       		.byte	-54
 1280 04e3 07       		.byte	7
 1281 04e4 CB       		.byte	-53
 1282 04e5 FF       		.byte	-1
 1283 04e6 CC       		.byte	-52
 1284 04e7 40       		.byte	64
 1285 04e8 CD       		.byte	-51
 1286 04e9 20       		.byte	32
 1287 04ea CE       		.byte	-50
 1288 04eb F0       		.byte	-16
 1289 04ec CF       		.byte	-49
 1290 04ed 05       		.byte	5
 1291 04ee D0       		.byte	-48
 1292 04ef 08       		.byte	8
 1293 04f0 D4       		.byte	-44
 1294 04f1 01       		.byte	1
 1295 04f2 D8       		.byte	-40
 1296 04f3 04       		.byte	4
 1297 04f4 D9       		.byte	-39
 1298 04f5 04       		.byte	4
 1299 04f6 DA       		.byte	-38
 1300 04f7 04       		.byte	4
 1301 04f8 DB       		.byte	-37
 1302 04f9 04       		.byte	4
 1303 04fa DC       		.byte	-36
 1304 04fb 11       		.byte	17
 1305 04fc DD       		.byte	-35
 1306 04fd 11       		.byte	17
 1307 04fe DF       		.byte	-33
 1308 04ff 01       		.byte	1
 1309 0500 E0       		.byte	-32
 1310 0501 40       		.byte	64
 1311 0502 E1       		.byte	-31
ARM GAS  C:\Users\BASILE~1.BER\AppData\Local\Temp\ccOQDCPk.s 			page 24


 1312 0503 A8       		.byte	-88
 1313 0504 E2       		.byte	-30
 1314 0505 40       		.byte	64
 1315 0506 E3       		.byte	-29
 1316 0507 20       		.byte	32
 1317 0508 03       		.byte	3
 1318 0509 0A       		.byte	10
 1319 050a 04       		.byte	4
 1320 050b 80       		.byte	-128
 1321 050c 05       		.byte	5
 1322 050d 15       		.byte	21
 1323 050e 07       		.byte	7
 1324 050f 02       		.byte	2
 1325 0510 09       		.byte	9
 1326 0511 40       		.byte	64
 1327 0512 0A       		.byte	10
 1328 0513 44       		.byte	68
 1329 0514 0D       		.byte	13
 1330 0515 02       		.byte	2
 1331 0516 11       		.byte	17
 1332 0517 20       		.byte	32
 1333 0518 15       		.byte	21
 1334 0519 10       		.byte	16
 1335 051a 16       		.byte	22
 1336 051b 49       		.byte	73
 1337 051c 17       		.byte	23
 1338 051d 04       		.byte	4
 1339 051e 19       		.byte	25
 1340 051f 35       		.byte	53
 1341 0520 1A       		.byte	26
 1342 0521 44       		.byte	68
 1343 0522 1B       		.byte	27
 1344 0523 09       		.byte	9
 1345 0524 1C       		.byte	28
 1346 0525 80       		.byte	-128
 1347 0526 1D       		.byte	29
 1348 0527 02       		.byte	2
 1349 0528 1E       		.byte	30
 1350 0529 08       		.byte	8
 1351 052a 20       		.byte	32
 1352 052b 4A       		.byte	74
 1353 052c 22       		.byte	34
 1354 052d 01       		.byte	1
 1355 052e 23       		.byte	35
 1356 052f 10       		.byte	16
 1357 0530 25       		.byte	37
 1358 0531 10       		.byte	16
 1359 0532 26       		.byte	38
 1360 0533 40       		.byte	64
 1361 0534 27       		.byte	39
 1362 0535 24       		.byte	36
 1363 0536 28       		.byte	40
 1364 0537 02       		.byte	2
 1365 0538 2F       		.byte	47
 1366 0539 08       		.byte	8
 1367 053a 32       		.byte	50
 1368 053b 48       		.byte	72
ARM GAS  C:\Users\BASILE~1.BER\AppData\Local\Temp\ccOQDCPk.s 			page 25


 1369 053c 35       		.byte	53
 1370 053d 10       		.byte	16
 1371 053e 37       		.byte	55
 1372 053f 04       		.byte	4
 1373 0540 38       		.byte	56
 1374 0541 40       		.byte	64
 1375 0542 39       		.byte	57
 1376 0543 08       		.byte	8
 1377 0544 3B       		.byte	59
 1378 0545 10       		.byte	16
 1379 0546 3E       		.byte	62
 1380 0547 88       		.byte	-120
 1381 0548 3F       		.byte	63
 1382 0549 02       		.byte	2
 1383 054a 47       		.byte	71
 1384 054b 20       		.byte	32
 1385 054c 55       		.byte	85
 1386 054d 40       		.byte	64
 1387 054e 56       		.byte	86
 1388 054f 81       		.byte	-127
 1389 0550 57       		.byte	87
 1390 0551 02       		.byte	2
 1391 0552 58       		.byte	88
 1392 0553 90       		.byte	-112
 1393 0554 5D       		.byte	93
 1394 0555 10       		.byte	16
 1395 0556 5E       		.byte	94
 1396 0557 88       		.byte	-120
 1397 0558 5F       		.byte	95
 1398 0559 02       		.byte	2
 1399 055a 69       		.byte	105
 1400 055b 40       		.byte	64
 1401 055c 6A       		.byte	106
 1402 055d 20       		.byte	32
 1403 055e 88       		.byte	-120
 1404 055f 10       		.byte	16
 1405 0560 C0       		.byte	-64
 1406 0561 F3       		.byte	-13
 1407 0562 C2       		.byte	-62
 1408 0563 1B       		.byte	27
 1409 0564 C4       		.byte	-60
 1410 0565 B2       		.byte	-78
 1411 0566 CA       		.byte	-54
 1412 0567 28       		.byte	40
 1413 0568 CC       		.byte	-52
 1414 0569 6A       		.byte	106
 1415 056a CE       		.byte	-50
 1416 056b DE       		.byte	-34
 1417 056c D0       		.byte	-48
 1418 056d 20       		.byte	32
 1419 056e D6       		.byte	-42
 1420 056f FC       		.byte	-4
 1421 0570 E6       		.byte	-26
 1422 0571 04       		.byte	4
 1423 0572 EE       		.byte	-18
 1424 0573 20       		.byte	32
 1425 0574 83       		.byte	-125
ARM GAS  C:\Users\BASILE~1.BER\AppData\Local\Temp\ccOQDCPk.s 			page 26


 1426 0575 04       		.byte	4
 1427 0576 A3       		.byte	-93
 1428 0577 04       		.byte	4
 1429 0578 AD       		.byte	-83
 1430 0579 21       		.byte	33
 1431 057a B1       		.byte	-79
 1432 057b 40       		.byte	64
 1433 057c B4       		.byte	-76
 1434 057d 10       		.byte	16
 1435 057e B5       		.byte	-75
 1436 057f 01       		.byte	1
 1437 0580 B6       		.byte	-74
 1438 0581 08       		.byte	8
 1439 0582 EE       		.byte	-18
 1440 0583 20       		.byte	32
 1441 0584 8E       		.byte	-114
 1442 0585 80       		.byte	-128
 1443 0586 8F       		.byte	-113
 1444 0587 10       		.byte	16
 1445 0588 A0       		.byte	-96
 1446 0589 80       		.byte	-128
 1447 058a A8       		.byte	-88
 1448 058b 80       		.byte	-128
 1449 058c EA       		.byte	-22
 1450 058d 20       		.byte	32
 1451 058e 50       		.byte	80
 1452 058f 04       		.byte	4
 1453 0590 54       		.byte	84
 1454 0591 80       		.byte	-128
 1455 0592 9A       		.byte	-102
 1456 0593 80       		.byte	-128
 1457 0594 A0       		.byte	-96
 1458 0595 80       		.byte	-128
 1459 0596 A3       		.byte	-93
 1460 0597 10       		.byte	16
 1461 0598 D4       		.byte	-44
 1462 0599 60       		.byte	96
 1463 059a 8C       		.byte	-116
 1464 059b 04       		.byte	4
 1465 059c 94       		.byte	-108
 1466 059d 08       		.byte	8
 1467 059e 9A       		.byte	-102
 1468 059f 80       		.byte	-128
 1469 05a0 A3       		.byte	-93
 1470 05a1 10       		.byte	16
 1471 05a2 00       		.byte	0
 1472 05a3 08       		.byte	8
 1473 05a4 05       		.byte	5
 1474 05a5 04       		.byte	4
 1475 05a6 07       		.byte	7
 1476 05a7 08       		.byte	8
 1477 05a8 52       		.byte	82
 1478 05a9 02       		.byte	2
 1479 05aa 78       		.byte	120
 1480 05ab 40       		.byte	64
 1481 05ac 88       		.byte	-120
 1482 05ad 04       		.byte	4
ARM GAS  C:\Users\BASILE~1.BER\AppData\Local\Temp\ccOQDCPk.s 			page 27


 1483 05ae C0       		.byte	-64
 1484 05af 0D       		.byte	13
 1485 05b0 D4       		.byte	-44
 1486 05b1 01       		.byte	1
 1487 05b2 DC       		.byte	-36
 1488 05b3 01       		.byte	1
 1489 05b4 E2       		.byte	-30
 1490 05b5 04       		.byte	4
 1491 05b6 00       		.byte	0
 1492 05b7 08       		.byte	8
 1493 05b8 52       		.byte	82
 1494 05b9 20       		.byte	32
 1495 05ba 5D       		.byte	93
 1496 05bb 02       		.byte	2
 1497 05bc 8E       		.byte	-114
 1498 05bd 02       		.byte	2
 1499 05be 9C       		.byte	-100
 1500 05bf 40       		.byte	64
 1501 05c0 A6       		.byte	-90
 1502 05c1 02       		.byte	2
 1503 05c2 AB       		.byte	-85
 1504 05c3 08       		.byte	8
 1505 05c4 B5       		.byte	-75
 1506 05c5 04       		.byte	4
 1507 05c6 C0       		.byte	-64
 1508 05c7 08       		.byte	8
 1509 05c8 D4       		.byte	-44
 1510 05c9 04       		.byte	4
 1511 05ca D6       		.byte	-42
 1512 05cb 01       		.byte	1
 1513 05cc E4       		.byte	-28
 1514 05cd 08       		.byte	8
 1515 05ce EA       		.byte	-22
 1516 05cf 08       		.byte	8
 1517 05d0 53       		.byte	83
 1518 05d1 80       		.byte	-128
 1519 05d2 84       		.byte	-124
 1520 05d3 40       		.byte	64
 1521 05d4 9C       		.byte	-100
 1522 05d5 40       		.byte	64
 1523 05d6 A3       		.byte	-93
 1524 05d7 80       		.byte	-128
 1525 05d8 A9       		.byte	-87
 1526 05d9 02       		.byte	2
 1527 05da AE       		.byte	-82
 1528 05db 20       		.byte	32
 1529 05dc B0       		.byte	-80
 1530 05dd 04       		.byte	4
 1531 05de B3       		.byte	-77
 1532 05df 80       		.byte	-128
 1533 05e0 D4       		.byte	-44
 1534 05e1 04       		.byte	4
 1535 05e2 E8       		.byte	-24
 1536 05e3 01       		.byte	1
 1537 05e4 EA       		.byte	-22
 1538 05e5 04       		.byte	4
 1539 05e6 53       		.byte	83
ARM GAS  C:\Users\BASILE~1.BER\AppData\Local\Temp\ccOQDCPk.s 			page 28


 1540 05e7 80       		.byte	-128
 1541 05e8 57       		.byte	87
 1542 05e9 10       		.byte	16
 1543 05ea 83       		.byte	-125
 1544 05eb 80       		.byte	-128
 1545 05ec 9A       		.byte	-102
 1546 05ed 80       		.byte	-128
 1547 05ee 9B       		.byte	-101
 1548 05ef 80       		.byte	-128
 1549 05f0 A3       		.byte	-93
 1550 05f1 10       		.byte	16
 1551 05f2 B3       		.byte	-77
 1552 05f3 80       		.byte	-128
 1553 05f4 D4       		.byte	-44
 1554 05f5 60       		.byte	96
 1555 05f6 E6       		.byte	-26
 1556 05f7 20       		.byte	32
 1557 05f8 73       		.byte	115
 1558 05f9 80       		.byte	-128
 1559 05fa 76       		.byte	118
 1560 05fb 80       		.byte	-128
 1561 05fc 9A       		.byte	-102
 1562 05fd 80       		.byte	-128
 1563 05fe 9B       		.byte	-101
 1564 05ff 80       		.byte	-128
 1565 0600 DC       		.byte	-36
 1566 0601 80       		.byte	-128
 1567 0602 DE       		.byte	-34
 1568 0603 20       		.byte	32
 1569 0604 7C       		.byte	124
 1570 0605 80       		.byte	-128
 1571 0606 98       		.byte	-104
 1572 0607 80       		.byte	-128
 1573 0608 B4       		.byte	-76
 1574 0609 80       		.byte	-128
 1575 060a DE       		.byte	-34
 1576 060b 04       		.byte	4
 1577 060c E8       		.byte	-24
 1578 060d 08       		.byte	8
 1579 060e 7C       		.byte	124
 1580 060f 80       		.byte	-128
 1581 0610 98       		.byte	-104
 1582 0611 80       		.byte	-128
 1583 0612 DE       		.byte	-34
 1584 0613 04       		.byte	4
 1585 0614 00       		.byte	0
 1586 0615 03       		.byte	3
 1587 0616 01       		.byte	1
 1588 0617 01       		.byte	1
 1589 0618 0C       		.byte	12
 1590 0619 03       		.byte	3
 1591 061a 0D       		.byte	13
 1592 061b 01       		.byte	1
 1593 061c 0E       		.byte	14
 1594 061d 03       		.byte	3
 1595 061e 0F       		.byte	15
 1596 061f 01       		.byte	1
ARM GAS  C:\Users\BASILE~1.BER\AppData\Local\Temp\ccOQDCPk.s 			page 29


 1597 0620 00       		.byte	0
 1598 0621 CF       		.byte	-49
 1599 0622 CF       		.byte	-49
 1600 0623 00       		.byte	0
 1601 0624 CF       		.byte	-49
 1602 0625 00       		.byte	0
 1603 0626 00       		.byte	0
 1604 0627 00       		.byte	0
 1605 0628 00       		.byte	0
 1606 0629 3C       		.byte	60
 1607 062a 3C       		.byte	60
 1608 062b 00       		.byte	0
 1609 062c 3C       		.byte	60
 1610 062d 00       		.byte	0
 1611 062e 00       		.byte	0
 1612 062f 00       		.byte	0
 1613 0630 00       		.byte	0
 1614 0631 0B       		.byte	11
 1615 0632 0B       		.byte	11
 1616 0633 00       		.byte	0
 1617 0634 00       		.byte	0
 1618 0635 00       		.byte	0
 1619 0636 00       		.byte	0
 1620 0637 00       		.byte	0
 1621 0638 02       		.byte	2
 1622 0639 00       		.byte	0
 1623 063a 01       		.byte	1
 1624 063b 42       		.byte	66
 1625 063c 42       		.byte	66
 1626 063d 00       		.byte	0
 1627 063e 42       		.byte	66
 1628 063f 00       		.byte	0
 1629 0640 00       		.byte	0
 1630 0641 00       		.byte	0
 1631 0642 00       		.byte	0
 1632 0643 00       		.byte	0
 1633 0644 03       		.byte	3
 1634 0645 00       		.byte	0
 1635 0646 08       		.byte	8
 1636 0647 07       		.byte	7
 1637 0648 04       		.byte	4
 1638 0649 00       		.byte	0
 1639 064a 04       		.byte	4
 1640 064b 00       		.byte	0
 1641 064c 00       		.byte	0
 1642 064d 00       		.byte	0
 1643 064e 00       		.byte	0
 1644 064f 00       		.byte	0
 1645              		.section	.cywolatch,"a",%progbits
 1646              		.align	2
 1647              		.type	cy_meta_wonvl, %object
 1648              		.size	cy_meta_wonvl, 4
 1649              	cy_meta_wonvl:
 1650 0000 BC       		.byte	-68
 1651 0001 90       		.byte	-112
 1652 0002 AC       		.byte	-84
 1653 0003 AF       		.byte	-81
ARM GAS  C:\Users\BASILE~1.BER\AppData\Local\Temp\ccOQDCPk.s 			page 30


 1654              		.section	.cycustnvl,"a",%progbits
 1655              		.align	2
 1656              		.type	cy_meta_custnvl, %object
 1657              		.size	cy_meta_custnvl, 4
 1658              	cy_meta_custnvl:
 1659 0000 00       		.byte	0
 1660 0001 00       		.byte	0
 1661 0002 40       		.byte	64
 1662 0003 05       		.byte	5
 1663              		.section	.cymeta,"a",%progbits
 1664              		.align	2
 1665              		.type	cy_metadata, %object
 1666              		.size	cy_metadata, 12
 1667              	cy_metadata:
 1668 0000 00       		.byte	0
 1669 0001 01       		.byte	1
 1670 0002 2E       		.byte	46
 1671 0003 16       		.byte	22
 1672 0004 00       		.byte	0
 1673 0005 69       		.byte	105
 1674 0006 00       		.byte	0
 1675 0007 01       		.byte	1
 1676 0008 00       		.byte	0
 1677 0009 00       		.byte	0
 1678 000a 00       		.byte	0
 1679 000b 00       		.byte	0
 1680              		.section	.cyflashprotect,"a",%progbits
 1681              		.align	2
 1682              		.type	cy_meta_flashprotect, %object
 1683              		.size	cy_meta_flashprotect, 256
 1684              	cy_meta_flashprotect:
 1685 0000 00000000 		.space	256
 1685      00000000 
 1685      00000000 
 1685      00000000 
 1685      00000000 
 1686              		.text
 1687              	.Letext0:
 1688              		.file 1 "c:\\program files (x86)\\cypress\\psoc creator\\4.1\\psoc creator\\import\\gnu\\arm\\5.4.
 1689              		.file 2 "c:\\program files (x86)\\cypress\\psoc creator\\4.1\\psoc creator\\import\\gnu\\arm\\5.4.
 1690              		.file 3 "Generated_Source\\PSoC5\\cymetadata.c"
 1691              		.section	.debug_info,"",%progbits
 1692              	.Ldebug_info0:
 1693 0000 34010000 		.4byte	0x134
 1694 0004 0400     		.2byte	0x4
 1695 0006 00000000 		.4byte	.Ldebug_abbrev0
 1696 000a 04       		.byte	0x4
 1697 000b 01       		.uleb128 0x1
 1698 000c 24000000 		.4byte	.LASF17
 1699 0010 0C       		.byte	0xc
 1700 0011 14020000 		.4byte	.LASF18
 1701 0015 D7000000 		.4byte	.LASF19
 1702 0019 00000000 		.4byte	.Ldebug_line0
 1703 001d 02       		.uleb128 0x2
 1704 001e 01       		.byte	0x1
 1705 001f 06       		.byte	0x6
 1706 0020 08020000 		.4byte	.LASF0
ARM GAS  C:\Users\BASILE~1.BER\AppData\Local\Temp\ccOQDCPk.s 			page 31


 1707 0024 03       		.uleb128 0x3
 1708 0025 00000000 		.4byte	.LASF9
 1709 0029 01       		.byte	0x1
 1710 002a 1D       		.byte	0x1d
 1711 002b 2F000000 		.4byte	0x2f
 1712 002f 02       		.uleb128 0x2
 1713 0030 01       		.byte	0x1
 1714 0031 08       		.byte	0x8
 1715 0032 16000000 		.4byte	.LASF1
 1716 0036 02       		.uleb128 0x2
 1717 0037 02       		.byte	0x2
 1718 0038 05       		.byte	0x5
 1719 0039 F5010000 		.4byte	.LASF2
 1720 003d 02       		.uleb128 0x2
 1721 003e 02       		.byte	0x2
 1722 003f 07       		.byte	0x7
 1723 0040 C4000000 		.4byte	.LASF3
 1724 0044 02       		.uleb128 0x2
 1725 0045 04       		.byte	0x4
 1726 0046 05       		.byte	0x5
 1727 0047 FF010000 		.4byte	.LASF4
 1728 004b 02       		.uleb128 0x2
 1729 004c 04       		.byte	0x4
 1730 004d 07       		.byte	0x7
 1731 004e B2000000 		.4byte	.LASF5
 1732 0052 02       		.uleb128 0x2
 1733 0053 08       		.byte	0x8
 1734 0054 05       		.byte	0x5
 1735 0055 E7010000 		.4byte	.LASF6
 1736 0059 02       		.uleb128 0x2
 1737 005a 08       		.byte	0x8
 1738 005b 07       		.byte	0x7
 1739 005c 9C010000 		.4byte	.LASF7
 1740 0060 04       		.uleb128 0x4
 1741 0061 04       		.byte	0x4
 1742 0062 05       		.byte	0x5
 1743 0063 696E7400 		.ascii	"int\000"
 1744 0067 02       		.uleb128 0x2
 1745 0068 04       		.byte	0x4
 1746 0069 07       		.byte	0x7
 1747 006a 8F010000 		.4byte	.LASF8
 1748 006e 03       		.uleb128 0x3
 1749 006f B3010000 		.4byte	.LASF10
 1750 0073 02       		.byte	0x2
 1751 0074 18       		.byte	0x18
 1752 0075 24000000 		.4byte	0x24
 1753 0079 05       		.uleb128 0x5
 1754 007a 91000000 		.4byte	0x91
 1755 007e 8A000000 		.4byte	0x8a
 1756 0082 06       		.uleb128 0x6
 1757 0083 8A000000 		.4byte	0x8a
 1758 0087 4F06     		.2byte	0x64f
 1759 0089 00       		.byte	0
 1760 008a 02       		.uleb128 0x2
 1761 008b 04       		.byte	0x4
 1762 008c 07       		.byte	0x7
 1763 008d DE010000 		.4byte	.LASF11
ARM GAS  C:\Users\BASILE~1.BER\AppData\Local\Temp\ccOQDCPk.s 			page 32


 1764 0091 07       		.uleb128 0x7
 1765 0092 6E000000 		.4byte	0x6e
 1766 0096 08       		.uleb128 0x8
 1767 0097 7D010000 		.4byte	.LASF12
 1768 009b 03       		.byte	0x3
 1769 009c 1F       		.byte	0x1f
 1770 009d A7000000 		.4byte	0xa7
 1771 00a1 05       		.uleb128 0x5
 1772 00a2 03       		.byte	0x3
 1773 00a3 00000000 		.4byte	cy_meta_configecc
 1774 00a7 07       		.uleb128 0x7
 1775 00a8 79000000 		.4byte	0x79
 1776 00ac 05       		.uleb128 0x5
 1777 00ad 91000000 		.4byte	0x91
 1778 00b1 BC000000 		.4byte	0xbc
 1779 00b5 09       		.uleb128 0x9
 1780 00b6 8A000000 		.4byte	0x8a
 1781 00ba 03       		.byte	0x3
 1782 00bb 00       		.byte	0
 1783 00bc 08       		.uleb128 0x8
 1784 00bd 6D010000 		.4byte	.LASF13
 1785 00c1 03       		.byte	0x3
 1786 00c2 F6       		.byte	0xf6
 1787 00c3 CD000000 		.4byte	0xcd
 1788 00c7 05       		.uleb128 0x5
 1789 00c8 03       		.byte	0x3
 1790 00c9 00000000 		.4byte	cy_meta_custnvl
 1791 00cd 07       		.uleb128 0x7
 1792 00ce AC000000 		.4byte	0xac
 1793 00d2 0A       		.uleb128 0xa
 1794 00d3 D0010000 		.4byte	.LASF14
 1795 00d7 03       		.byte	0x3
 1796 00d8 0401     		.2byte	0x104
 1797 00da E4000000 		.4byte	0xe4
 1798 00de 05       		.uleb128 0x5
 1799 00df 03       		.byte	0x3
 1800 00e0 00000000 		.4byte	cy_meta_wonvl
 1801 00e4 07       		.uleb128 0x7
 1802 00e5 AC000000 		.4byte	0xac
 1803 00e9 05       		.uleb128 0x5
 1804 00ea 91000000 		.4byte	0x91
 1805 00ee F9000000 		.4byte	0xf9
 1806 00f2 09       		.uleb128 0x9
 1807 00f3 8A000000 		.4byte	0x8a
 1808 00f7 FF       		.byte	0xff
 1809 00f8 00       		.byte	0
 1810 00f9 0A       		.uleb128 0xa
 1811 00fa BB010000 		.4byte	.LASF15
 1812 00fe 03       		.byte	0x3
 1813 00ff 1201     		.2byte	0x112
 1814 0101 0B010000 		.4byte	0x10b
 1815 0105 05       		.uleb128 0x5
 1816 0106 03       		.byte	0x3
 1817 0107 00000000 		.4byte	cy_meta_flashprotect
 1818 010b 07       		.uleb128 0x7
 1819 010c E9000000 		.4byte	0xe9
 1820 0110 05       		.uleb128 0x5
ARM GAS  C:\Users\BASILE~1.BER\AppData\Local\Temp\ccOQDCPk.s 			page 33


 1821 0111 91000000 		.4byte	0x91
 1822 0115 20010000 		.4byte	0x120
 1823 0119 09       		.uleb128 0x9
 1824 011a 8A000000 		.4byte	0x8a
 1825 011e 0B       		.byte	0xb
 1826 011f 00       		.byte	0
 1827 0120 0A       		.uleb128 0xa
 1828 0121 0A000000 		.4byte	.LASF16
 1829 0125 03       		.byte	0x3
 1830 0126 3F01     		.2byte	0x13f
 1831 0128 32010000 		.4byte	0x132
 1832 012c 05       		.uleb128 0x5
 1833 012d 03       		.byte	0x3
 1834 012e 00000000 		.4byte	cy_metadata
 1835 0132 07       		.uleb128 0x7
 1836 0133 10010000 		.4byte	0x110
 1837 0137 00       		.byte	0
 1838              		.section	.debug_abbrev,"",%progbits
 1839              	.Ldebug_abbrev0:
 1840 0000 01       		.uleb128 0x1
 1841 0001 11       		.uleb128 0x11
 1842 0002 01       		.byte	0x1
 1843 0003 25       		.uleb128 0x25
 1844 0004 0E       		.uleb128 0xe
 1845 0005 13       		.uleb128 0x13
 1846 0006 0B       		.uleb128 0xb
 1847 0007 03       		.uleb128 0x3
 1848 0008 0E       		.uleb128 0xe
 1849 0009 1B       		.uleb128 0x1b
 1850 000a 0E       		.uleb128 0xe
 1851 000b 10       		.uleb128 0x10
 1852 000c 17       		.uleb128 0x17
 1853 000d 00       		.byte	0
 1854 000e 00       		.byte	0
 1855 000f 02       		.uleb128 0x2
 1856 0010 24       		.uleb128 0x24
 1857 0011 00       		.byte	0
 1858 0012 0B       		.uleb128 0xb
 1859 0013 0B       		.uleb128 0xb
 1860 0014 3E       		.uleb128 0x3e
 1861 0015 0B       		.uleb128 0xb
 1862 0016 03       		.uleb128 0x3
 1863 0017 0E       		.uleb128 0xe
 1864 0018 00       		.byte	0
 1865 0019 00       		.byte	0
 1866 001a 03       		.uleb128 0x3
 1867 001b 16       		.uleb128 0x16
 1868 001c 00       		.byte	0
 1869 001d 03       		.uleb128 0x3
 1870 001e 0E       		.uleb128 0xe
 1871 001f 3A       		.uleb128 0x3a
 1872 0020 0B       		.uleb128 0xb
 1873 0021 3B       		.uleb128 0x3b
 1874 0022 0B       		.uleb128 0xb
 1875 0023 49       		.uleb128 0x49
 1876 0024 13       		.uleb128 0x13
 1877 0025 00       		.byte	0
ARM GAS  C:\Users\BASILE~1.BER\AppData\Local\Temp\ccOQDCPk.s 			page 34


 1878 0026 00       		.byte	0
 1879 0027 04       		.uleb128 0x4
 1880 0028 24       		.uleb128 0x24
 1881 0029 00       		.byte	0
 1882 002a 0B       		.uleb128 0xb
 1883 002b 0B       		.uleb128 0xb
 1884 002c 3E       		.uleb128 0x3e
 1885 002d 0B       		.uleb128 0xb
 1886 002e 03       		.uleb128 0x3
 1887 002f 08       		.uleb128 0x8
 1888 0030 00       		.byte	0
 1889 0031 00       		.byte	0
 1890 0032 05       		.uleb128 0x5
 1891 0033 01       		.uleb128 0x1
 1892 0034 01       		.byte	0x1
 1893 0035 49       		.uleb128 0x49
 1894 0036 13       		.uleb128 0x13
 1895 0037 01       		.uleb128 0x1
 1896 0038 13       		.uleb128 0x13
 1897 0039 00       		.byte	0
 1898 003a 00       		.byte	0
 1899 003b 06       		.uleb128 0x6
 1900 003c 21       		.uleb128 0x21
 1901 003d 00       		.byte	0
 1902 003e 49       		.uleb128 0x49
 1903 003f 13       		.uleb128 0x13
 1904 0040 2F       		.uleb128 0x2f
 1905 0041 05       		.uleb128 0x5
 1906 0042 00       		.byte	0
 1907 0043 00       		.byte	0
 1908 0044 07       		.uleb128 0x7
 1909 0045 26       		.uleb128 0x26
 1910 0046 00       		.byte	0
 1911 0047 49       		.uleb128 0x49
 1912 0048 13       		.uleb128 0x13
 1913 0049 00       		.byte	0
 1914 004a 00       		.byte	0
 1915 004b 08       		.uleb128 0x8
 1916 004c 34       		.uleb128 0x34
 1917 004d 00       		.byte	0
 1918 004e 03       		.uleb128 0x3
 1919 004f 0E       		.uleb128 0xe
 1920 0050 3A       		.uleb128 0x3a
 1921 0051 0B       		.uleb128 0xb
 1922 0052 3B       		.uleb128 0x3b
 1923 0053 0B       		.uleb128 0xb
 1924 0054 49       		.uleb128 0x49
 1925 0055 13       		.uleb128 0x13
 1926 0056 3F       		.uleb128 0x3f
 1927 0057 19       		.uleb128 0x19
 1928 0058 02       		.uleb128 0x2
 1929 0059 18       		.uleb128 0x18
 1930 005a 00       		.byte	0
 1931 005b 00       		.byte	0
 1932 005c 09       		.uleb128 0x9
 1933 005d 21       		.uleb128 0x21
 1934 005e 00       		.byte	0
ARM GAS  C:\Users\BASILE~1.BER\AppData\Local\Temp\ccOQDCPk.s 			page 35


 1935 005f 49       		.uleb128 0x49
 1936 0060 13       		.uleb128 0x13
 1937 0061 2F       		.uleb128 0x2f
 1938 0062 0B       		.uleb128 0xb
 1939 0063 00       		.byte	0
 1940 0064 00       		.byte	0
 1941 0065 0A       		.uleb128 0xa
 1942 0066 34       		.uleb128 0x34
 1943 0067 00       		.byte	0
 1944 0068 03       		.uleb128 0x3
 1945 0069 0E       		.uleb128 0xe
 1946 006a 3A       		.uleb128 0x3a
 1947 006b 0B       		.uleb128 0xb
 1948 006c 3B       		.uleb128 0x3b
 1949 006d 05       		.uleb128 0x5
 1950 006e 49       		.uleb128 0x49
 1951 006f 13       		.uleb128 0x13
 1952 0070 3F       		.uleb128 0x3f
 1953 0071 19       		.uleb128 0x19
 1954 0072 02       		.uleb128 0x2
 1955 0073 18       		.uleb128 0x18
 1956 0074 00       		.byte	0
 1957 0075 00       		.byte	0
 1958 0076 00       		.byte	0
 1959              		.section	.debug_aranges,"",%progbits
 1960 0000 14000000 		.4byte	0x14
 1961 0004 0200     		.2byte	0x2
 1962 0006 00000000 		.4byte	.Ldebug_info0
 1963 000a 04       		.byte	0x4
 1964 000b 00       		.byte	0
 1965 000c 0000     		.2byte	0
 1966 000e 0000     		.2byte	0
 1967 0010 00000000 		.4byte	0
 1968 0014 00000000 		.4byte	0
 1969              		.section	.debug_line,"",%progbits
 1970              	.Ldebug_line0:
 1971 0000 3D010000 		.section	.debug_str,"MS",%progbits,1
 1971      02003701 
 1971      00000201 
 1971      FB0E0D00 
 1971      01010101 
 1972              	.LASF9:
 1973 0000 5F5F7569 		.ascii	"__uint8_t\000"
 1973      6E74385F 
 1973      7400
 1974              	.LASF16:
 1975 000a 63795F6D 		.ascii	"cy_metadata\000"
 1975      65746164 
 1975      61746100 
 1976              	.LASF1:
 1977 0016 756E7369 		.ascii	"unsigned char\000"
 1977      676E6564 
 1977      20636861 
 1977      7200
 1978              	.LASF17:
 1979 0024 474E5520 		.ascii	"GNU C11 5.4.1 20160609 (release) [ARM/embedded-5-br"
 1979      43313120 
ARM GAS  C:\Users\BASILE~1.BER\AppData\Local\Temp\ccOQDCPk.s 			page 36


 1979      352E342E 
 1979      31203230 
 1979      31363036 
 1980 0057 616E6368 		.ascii	"anch revision 237715] -mcpu=cortex-m3 -mthumb -g -O"
 1980      20726576 
 1980      6973696F 
 1980      6E203233 
 1980      37373135 
 1981 008a 67202D66 		.ascii	"g -ffunction-sections -ffat-lto-objects\000"
 1981      66756E63 
 1981      74696F6E 
 1981      2D736563 
 1981      74696F6E 
 1982              	.LASF5:
 1983 00b2 6C6F6E67 		.ascii	"long unsigned int\000"
 1983      20756E73 
 1983      69676E65 
 1983      6420696E 
 1983      7400
 1984              	.LASF3:
 1985 00c4 73686F72 		.ascii	"short unsigned int\000"
 1985      7420756E 
 1985      7369676E 
 1985      65642069 
 1985      6E7400
 1986              	.LASF19:
 1987 00d7 433A5C55 		.ascii	"C:\\Users\\basile.berckmoes\\Documents\\GitHub\\Int"
 1987      73657273 
 1987      5C626173 
 1987      696C652E 
 1987      62657263 
 1988 0105 65726E65 		.ascii	"ernetOfThings2\\Labo3\\IoT2_labo_SPI_opg1\\IoT2_lab"
 1988      744F6654 
 1988      68696E67 
 1988      73325C4C 
 1988      61626F33 
 1989 0135 6F5F5350 		.ascii	"o_SPI_opg1_start\\IoT2_labo_SPI_opg1\\IoT2_labo_SPI"
 1989      495F6F70 
 1989      67315F73 
 1989      74617274 
 1989      5C496F54 
 1990 0166 2E637964 		.ascii	".cydsn\000"
 1990      736E00
 1991              	.LASF13:
 1992 016d 63795F6D 		.ascii	"cy_meta_custnvl\000"
 1992      6574615F 
 1992      63757374 
 1992      6E766C00 
 1993              	.LASF12:
 1994 017d 63795F6D 		.ascii	"cy_meta_configecc\000"
 1994      6574615F 
 1994      636F6E66 
 1994      69676563 
 1994      6300
 1995              	.LASF8:
 1996 018f 756E7369 		.ascii	"unsigned int\000"
 1996      676E6564 
ARM GAS  C:\Users\BASILE~1.BER\AppData\Local\Temp\ccOQDCPk.s 			page 37


 1996      20696E74 
 1996      00
 1997              	.LASF7:
 1998 019c 6C6F6E67 		.ascii	"long long unsigned int\000"
 1998      206C6F6E 
 1998      6720756E 
 1998      7369676E 
 1998      65642069 
 1999              	.LASF10:
 2000 01b3 75696E74 		.ascii	"uint8_t\000"
 2000      385F7400 
 2001              	.LASF15:
 2002 01bb 63795F6D 		.ascii	"cy_meta_flashprotect\000"
 2002      6574615F 
 2002      666C6173 
 2002      6870726F 
 2002      74656374 
 2003              	.LASF14:
 2004 01d0 63795F6D 		.ascii	"cy_meta_wonvl\000"
 2004      6574615F 
 2004      776F6E76 
 2004      6C00
 2005              	.LASF11:
 2006 01de 73697A65 		.ascii	"sizetype\000"
 2006      74797065 
 2006      00
 2007              	.LASF6:
 2008 01e7 6C6F6E67 		.ascii	"long long int\000"
 2008      206C6F6E 
 2008      6720696E 
 2008      7400
 2009              	.LASF2:
 2010 01f5 73686F72 		.ascii	"short int\000"
 2010      7420696E 
 2010      7400
 2011              	.LASF4:
 2012 01ff 6C6F6E67 		.ascii	"long int\000"
 2012      20696E74 
 2012      00
 2013              	.LASF0:
 2014 0208 7369676E 		.ascii	"signed char\000"
 2014      65642063 
 2014      68617200 
 2015              	.LASF18:
 2016 0214 47656E65 		.ascii	"Generated_Source\\PSoC5\\cymetadata.c\000"
 2016      72617465 
 2016      645F536F 
 2016      75726365 
 2016      5C50536F 
 2017              		.ident	"GCC: (GNU Tools for ARM Embedded Processors) 5.4.1 20160609 (release) [ARM/embedded-5-bran
