--------------- Clean Started: 01/25/2018 22:43:23 Project: IoT2_SPI_basisproject, Configuration: ARM GCC 5.4-2016-q2-update Debug ---------------
Deleting file ".\CortexM3\ARM_GCC_541\Debug\main.o"
Deleting file ".\CortexM3\ARM_GCC_541\Debug\cyfitter_cfg.o"
Deleting file ".\CortexM3\ARM_GCC_541\Debug\cymetadata.o"
Deleting file ".\CortexM3\ARM_GCC_541\Debug\Cm3Start.o"
Deleting file ".\CortexM3\ARM_GCC_541\Debug\CyBootAsmGnu.o"
Deleting file ".\CortexM3\ARM_GCC_541\Debug\CyDmac.o"
Deleting file ".\CortexM3\ARM_GCC_541\Debug\CyFlash.o"
Deleting file ".\CortexM3\ARM_GCC_541\Debug\CyLib.o"
Deleting file ".\CortexM3\ARM_GCC_541\Debug\cyPm.o"
Deleting file ".\CortexM3\ARM_GCC_541\Debug\CySpc.o"
Deleting file ".\CortexM3\ARM_GCC_541\Debug\cyutils.o"
Deleting file ".\CortexM3\ARM_GCC_541\Debug\SPIM.o"
Deleting file ".\CortexM3\ARM_GCC_541\Debug\SPIM_PM.o"
Deleting file ".\CortexM3\ARM_GCC_541\Debug\SPIM_INT.o"
Deleting file ".\CortexM3\ARM_GCC_541\Debug\SPIM_IntClock.o"
Deleting file ".\CortexM3\ARM_GCC_541\Debug\MISO_3.o"
Deleting file ".\CortexM3\ARM_GCC_541\Debug\SCLK_1.o"
Deleting file ".\CortexM3\ARM_GCC_541\Debug\MISO_4.o"
Deleting file ".\CortexM3\ARM_GCC_541\Debug\MISO_2.o"
Deleting file ".\CortexM3\ARM_GCC_541\Debug\SW1.o"
Deleting file ".\CortexM3\ARM_GCC_541\Debug\LED2.o"
Deleting file ".\CortexM3\ARM_GCC_541\Debug\LED1.o"
Deleting file ".\CortexM3\ARM_GCC_541\Debug\P1.o"
Deleting file ".\CortexM3\ARM_GCC_541\Debug\SCLK_4.o"
Deleting file ".\CortexM3\ARM_GCC_541\Debug\SCLK_3.o"
Deleting file ".\CortexM3\ARM_GCC_541\Debug\SCLK_2.o"
Deleting file ".\CortexM3\ARM_GCC_541\Debug\SW2.o"
Deleting file ".\CortexM3\ARM_GCC_541\Debug\MOSI_1.o"
Deleting file ".\CortexM3\ARM_GCC_541\Debug\MOSI_2.o"
Deleting file ".\CortexM3\ARM_GCC_541\Debug\MOSI_3.o"
Deleting file ".\CortexM3\ARM_GCC_541\Debug\MOSI_4.o"
Deleting file ".\CortexM3\ARM_GCC_541\Debug\P2.o"
Deleting file ".\CortexM3\ARM_GCC_541\Debug\CSi_1.o"
Deleting file ".\CortexM3\ARM_GCC_541\Debug\CSi_2.o"
Deleting file ".\CortexM3\ARM_GCC_541\Debug\CSi_3.o"
Deleting file ".\CortexM3\ARM_GCC_541\Debug\CSi_4.o"
Deleting file ".\CortexM3\ARM_GCC_541\Debug\P4.o"
Deleting file ".\CortexM3\ARM_GCC_541\Debug\MISO_1.o"
Deleting file ".\CortexM3\ARM_GCC_541\Debug\P3.o"
Deleting file ".\CortexM3\ARM_GCC_541\Debug\SWITCHES.o"
Deleting file ".\CortexM3\ARM_GCC_541\Debug\Clock_1.o"
Deleting file ".\CortexM3\ARM_GCC_541\Debug\LEDS.o"
Deleting file ".\CortexM3\ARM_GCC_541\Debug\LEDS_PM.o"
Deleting file ".\CortexM3\ARM_GCC_541\Debug\IoT2_SPI_basisproject.hex"
Deleting file ".\CortexM3\ARM_GCC_541\Debug\IoT2_SPI_basisproject.elf"
Deleting file ".\CortexM3\ARM_GCC_541\Debug\IoT2_SPI_basisproject.map"
Deleting file ".\IoT2_SPI_basisproject.cycdx"
Deleting file ".\IoT2_SPI_basisproject.svd"
Deleting file ".\IoT2_SPI_basisproject.rpt"
Deleting file ".\IoT2_SPI_basisproject_timing.html"
Deleting file ".\CortexM3\ARM_GCC_541\Debug\.deps\SOURCE_C__ARM_GCC_GENERIC.P"
Deleting file ".\CortexM3\ARM_GCC_541\Debug\.deps\SOURCE_ASM__ARM_GCC_GENERIC.P"
--------------- Clean Succeeded: 01/25/2018 22:43:23 ---------------
